# JRE version: Java(TM) SE Runtime Environment (8.0_20-b26) (build 1.8.0_20-b26)
# Java VM: Java HotSpot(TM) 64-Bit Server VM (25.20-b23 mixed mode linux-amd64 compressed oops)
Heap:
 PSYoungGen      total 22016K, used 18924K [0x00000000f5580000, 0x00000000f6c80000, 0x0000000100000000)
  eden space 20480K, 84% used [0x00000000f5580000,0x00000000f667bf28,0x00000000f6980000)
  from space 1536K, 99% used [0x00000000f6b00000,0x00000000f6c7f100,0x00000000f6c80000)
  to   space 1536K, 0% used [0x00000000f6980000,0x00000000f6980000,0x00000000f6b00000)
 ParOldGen       total 27648K, used 10141K [0x00000000e0000000, 0x00000000e1b00000, 0x00000000f5580000)
  object space 27648K, 36% used [0x00000000e0000000,0x00000000e09e75a8,0x00000000e1b00000)
 Metaspace       used 16841K, capacity 18296K, committed 18560K, reserved 1064960K
  class space    used 1702K, capacity 2101K, committed 2176K, reserved 1048576K
GC Heap History (8 events):
Event: 0,327 GC heap before
{Heap before GC invocations=1 (full 0):
 PSYoungGen      total 11776K, used 10229K [0x00000000f5580000, 0x00000000f6280000, 0x0000000100000000)
  eden space 10240K, 99% used [0x00000000f5580000,0x00000000f5f7d6a8,0x00000000f5f80000)
  from space 1536K, 0% used [0x00000000f6100000,0x00000000f6100000,0x00000000f6280000)
  to   space 1536K, 0% used [0x00000000f5f80000,0x00000000f5f80000,0x00000000f6100000)
 ParOldGen       total 27648K, used 0K [0x00000000e0000000, 0x00000000e1b00000, 0x00000000f5580000)
  object space 27648K, 0% used [0x00000000e0000000,0x00000000e0000000,0x00000000e1b00000)
 Metaspace       used 5249K, capacity 5428K, committed 5504K, reserved 1056768K
  class space    used 559K, capacity 599K, committed 640K, reserved 1048576K
Event: 0,330 GC heap after
Heap after GC invocations=1 (full 0):
 PSYoungGen      total 11776K, used 1517K [0x00000000f5580000, 0x00000000f6280000, 0x0000000100000000)
  eden space 10240K, 0% used [0x00000000f5580000,0x00000000f5580000,0x00000000f5f80000)
  from space 1536K, 98% used [0x00000000f5f80000,0x00000000f60fb708,0x00000000f6100000)
  to   space 1536K, 0% used [0x00000000f6100000,0x00000000f6100000,0x00000000f6280000)
 ParOldGen       total 27648K, used 1093K [0x00000000e0000000, 0x00000000e1b00000, 0x00000000f5580000)
  object space 27648K, 3% used [0x00000000e0000000,0x00000000e01117e8,0x00000000e1b00000)
 Metaspace       used 5249K, capacity 5428K, committed 5504K, reserved 1056768K
  class space    used 559K, capacity 599K, committed 640K, reserved 1048576K
}
Event: 0,456 GC heap before
{Heap before GC invocations=2 (full 0):
 PSYoungGen      total 11776K, used 11757K [0x00000000f5580000, 0x00000000f6280000, 0x0000000100000000)
  eden space 10240K, 100% used [0x00000000f5580000,0x00000000f5f80000,0x00000000f5f80000)
  from space 1536K, 98% used [0x00000000f5f80000,0x00000000f60fb708,0x00000000f6100000)
  to   space 1536K, 0% used [0x00000000f6100000,0x00000000f6100000,0x00000000f6280000)
 ParOldGen       total 27648K, used 1093K [0x00000000e0000000, 0x00000000e1b00000, 0x00000000f5580000)
  object space 27648K, 3% used [0x00000000e0000000,0x00000000e01117e8,0x00000000e1b00000)
 Metaspace       used 6415K, capacity 6548K, committed 6656K, reserved 1056768K
  class space    used 669K, capacity 695K, committed 768K, reserved 1048576K
Event: 0,460 GC heap after
Heap after GC invocations=2 (full 0):
 PSYoungGen      total 11776K, used 1520K [0x00000000f5580000, 0x00000000f6c80000, 0x0000000100000000)
  eden space 10240K, 0% used [0x00000000f5580000,0x00000000f5580000,0x00000000f5f80000)
  from space 1536K, 98% used [0x00000000f6100000,0x00000000f627c020,0x00000000f6280000)
  to   space 1536K, 0% used [0x00000000f5f80000,0x00000000f5f80000,0x00000000f6100000)
 ParOldGen       total 27648K, used 4985K [0x00000000e0000000, 0x00000000e1b00000, 0x00000000f5580000)
  object space 27648K, 18% used [0x00000000e0000000,0x00000000e04de698,0x00000000e1b00000)
 Metaspace       used 6415K, capacity 6548K, committed 6656K, reserved 1056768K
  class space    used 669K, capacity 695K, committed 768K, reserved 1048576K
}
Event: 0,633 GC heap before
{Heap before GC invocations=3 (full 0):
 PSYoungGen      total 11776K, used 11760K [0x00000000f5580000, 0x00000000f6c80000, 0x0000000100000000)
  eden space 10240K, 100% used [0x00000000f5580000,0x00000000f5f80000,0x00000000f5f80000)
  from space 1536K, 98% used [0x00000000f6100000,0x00000000f627c020,0x00000000f6280000)
  to   space 1536K, 0% used [0x00000000f5f80000,0x00000000f5f80000,0x00000000f6100000)
 ParOldGen       total 27648K, used 4985K [0x00000000e0000000, 0x00000000e1b00000, 0x00000000f5580000)
  object space 27648K, 18% used [0x00000000e0000000,0x00000000e04de698,0x00000000e1b00000)
 Metaspace       used 8198K, capacity 8382K, committed 8704K, reserved 1056768K
  class space    used 872K, capacity 899K, committed 1024K, reserved 1048576K
Event: 0,637 GC heap after
Heap after GC invocations=3 (full 0):
 PSYoungGen      total 11776K, used 1504K [0x00000000f5580000, 0x00000000f6c80000, 0x0000000100000000)
  eden space 10240K, 0% used [0x00000000f5580000,0x00000000f5580000,0x00000000f5f80000)
  from space 1536K, 97% used [0x00000000f5f80000,0x00000000f60f8010,0x00000000f6100000)
  to   space 1536K, 0% used [0x00000000f6b00000,0x00000000f6b00000,0x00000000f6c80000)
 ParOldGen       total 27648K, used 7887K [0x00000000e0000000, 0x00000000e1b00000, 0x00000000f5580000)
  object space 27648K, 28% used [0x00000000e0000000,0x00000000e07b3d30,0x00000000e1b00000)
 Metaspace       used 8198K, capacity 8382K, committed 8704K, reserved 1056768K
  class space    used 872K, capacity 899K, committed 1024K, reserved 1048576K
}
Event: 0,909 GC heap before
{Heap before GC invocations=4 (full 0):
 PSYoungGen      total 11776K, used 11744K [0x00000000f5580000, 0x00000000f6c80000, 0x0000000100000000)
  eden space 10240K, 100% used [0x00000000f5580000,0x00000000f5f80000,0x00000000f5f80000)
  from space 1536K, 97% used [0x00000000f5f80000,0x00000000f60f8010,0x00000000f6100000)
  to   space 1536K, 0% used [0x00000000f6b00000,0x00000000f6b00000,0x00000000f6c80000)
 ParOldGen       total 27648K, used 7887K [0x00000000e0000000, 0x00000000e1b00000, 0x00000000f5580000)
  object space 27648K, 28% used [0x00000000e0000000,0x00000000e07b3d30,0x00000000e1b00000)
 Metaspace       used 10427K, capacity 11154K, committed 11392K, reserved 1058816K
  class space    used 1088K, capacity 1295K, committed 1408K, reserved 1048576K
Event: 0,914 GC heap after
Heap after GC invocations=4 (full 0):
 PSYoungGen      total 22016K, used 1532K [0x00000000f5580000, 0x00000000f6c80000, 0x0000000100000000)
  eden space 20480K, 0% used [0x00000000f5580000,0x00000000f5580000,0x00000000f6980000)
  from space 1536K, 99% used [0x00000000f6b00000,0x00000000f6c7f100,0x00000000f6c80000)
  to   space 1536K, 0% used [0x00000000f6980000,0x00000000f6980000,0x00000000f6b00000)
 ParOldGen       total 27648K, used 10141K [0x00000000e0000000, 0x00000000e1b00000, 0x00000000f5580000)
  object space 27648K, 36% used [0x00000000e0000000,0x00000000e09e75a8,0x00000000e1b00000)
 Metaspace       used 10427K, capacity 11154K, committed 11392K, reserved 1058816K
  class space    used 1088K, capacity 1295K, committed 1408K, reserved 1048576K
}

